<?xml version="1.0" encoding="UTF-8"?>
<!-- Generated by org.testng.reporters.JUnitReportReporter -->
<testsuite skipped="0" hostname="Gotu-PC" name="com.pru.test.TestCase2" tests="2" failures="0" timestamp="01 Oct 2018 21:45:09 GMT" time="38.804" errors="0">
  <testcase name="test2" time="19.666" classname="com.pru.test.TestCase2"/>
  <testcase name="test1" time="19.138" classname="com.pru.test.TestCase2"/>
</testsuite> <!-- com.pru.test.TestCase2 -->
